  labjackusb.c
C:\myLibs\libusb-1.0.21\include\libusb-1.0\libusb.h(30): warning C4005: 'inline': macro redefinition
  c:\users\jacobslab\documents\github\eeg-syncbox-xcode-plugin\windows\reg_syncbox\visualstudio\cdefs_windows.h(76): note: see previous definition of 'inline'
labjackusb.c(83): warning C4244: 'function': conversion from 'unsigned long' to 'unsigned char', possible loss of data
labjackusb.c(85): warning C4244: 'function': conversion from 'unsigned long' to 'unsigned char', possible loss of data
labjackusb.c(132): warning C4244: 'function': conversion from 'unsigned long' to 'unsigned char', possible loss of data
labjackusb.c(134): warning C4244: 'function': conversion from 'unsigned long' to 'unsigned char', possible loss of data
labjackusb.c(180): warning C4244: 'function': conversion from 'unsigned long' to 'unsigned char', possible loss of data
labjackusb.c(182): warning C4244: 'function': conversion from 'unsigned long' to 'unsigned char', possible loss of data
labjackusb.c(514): warning C4244: 'function': conversion from '__int64' to 'int', possible loss of data
labjackusb.c(612): warning C4244: 'function': conversion from '__int64' to 'int', possible loss of data
labjackusb.c(738): warning C4244: 'function': conversion from 'unsigned long' to 'uint16_t', possible loss of data
labjackusb.c(1050): warning C4244: 'function': conversion from '__int64' to 'int', possible loss of data
labjackusb.c(1103): warning C4244: 'function': conversion from '__int64' to 'int', possible loss of data
labjackusb.c(1279): warning C4244: 'function': conversion from 'unsigned long' to 'uint16_t', possible loss of data
  u3.c
u3.c(583): warning C4244: '=': conversion from 'double' to 'uint32', possible loss of data
u3.c(761): warning C4244: '=': conversion from 'double' to 'uint32', possible loss of data
u3.c(824): warning C4244: '=': conversion from 'double' to 'uint8', possible loss of data
u3.c(826): warning C4244: '=': conversion from 'double' to 'uint8', possible loss of data
u3.c(886): warning C4244: 'function': conversion from 'long' to 'uint8', possible loss of data
u3.c(888): warning C4244: 'function': conversion from 'long' to 'uint8', possible loss of data
u3.c(930): warning C4244: '=': conversion from 'long' to 'uint8', possible loss of data
u3.c(941): warning C4244: '=': conversion from 'long' to 'uint8', possible loss of data
u3.c(979): warning C4244: '=': conversion from 'double' to 'uint8', possible loss of data
u3.c(981): warning C4244: '=': conversion from 'double' to 'uint8', possible loss of data
u3.c(1003): warning C4244: '=': conversion from 'long' to 'uint8', possible loss of data
u3.c(1006): warning C4244: '=': conversion from 'long' to 'uint8', possible loss of data
u3.c(1038): warning C4244: '=': conversion from 'double' to 'uint8', possible loss of data
u3.c(1040): warning C4244: '=': conversion from 'double' to 'uint8', possible loss of data
u3.c(1062): warning C4244: '=': conversion from 'long' to 'uint8', possible loss of data
u3.c(1065): warning C4244: '=': conversion from 'long' to 'uint8', possible loss of data
u3.c(1134): warning C4244: '+=': conversion from 'double' to 'uint8', possible loss of data
u3.c(1138): warning C4244: '+=': conversion from 'long' to 'uint8', possible loss of data
u3.c(1143): warning C4244: '=': conversion from 'double' to 'uint8', possible loss of data
u3.c(1145): warning C4244: '=': conversion from 'double' to 'uint8', possible loss of data
  u3Extended.c
u3Extended.c(166): warning C4244: 'function': conversion from 'float' to 'long', possible loss of data
  Generating Code...
c:\users\jacobslab\documents\github\eeg-syncbox-xcode-plugin\windows\reg_syncbox\visualstudio\u3extended.c(114): warning C4700: uninitialized local variable 'lngState' used
  Plugin.cpp
  sys_time_extended.cpp
  utsname_windows.cpp
  Generating Code...
     Creating library C:\Users\JacobsLab\Documents\GitHub\EEG-Syncbox-XCode-Plugin\Windows\REG_SYNCBOX\VisualStudio\x64\Release\ASimplePlugin.lib and object C:\Users\JacobsLab\Documents\GitHub\EEG-Syncbox-XCode-Plugin\Windows\REG_SYNCBOX\VisualStudio\x64\Release\ASimplePlugin.exp
  TexturePlugin.vcxproj -> C:\Users\JacobsLab\Documents\GitHub\EEG-Syncbox-XCode-Plugin\Windows\REG_SYNCBOX\VisualStudio\x64\Release\ASimplePlugin.dll
